[0416/004134.392:ERROR:process_info.cc(118)] ReadProcessMemory bool __cdecl crashpad::(anonymous namespace)::ReadStruct(HANDLE, crashpad::WinVMAddress, T *) [T = crashpad::process_types::PEB<crashpad::process_types::internal::Traits64>]: Only part of a ReadProcessMemory or WriteProcessMemory request was completed. (0x12B)
[0416/004134.483:ERROR:process_info.cc(551)] ReadProcessData failed
[0416/004134.542:ERROR:scoped_process_suspend.cc(40)] NtResumeProcess: An attempt was made to access an exiting process. (0xc000010a)
[0416/004134.876:ERROR:process_reader_win.cc(123)] NtOpenThread: {Access Denied} A process has requested access to an object, but has not been granted those access rights. (0xc0000022)
[0416/004134.921:ERROR:exception_snapshot_win.cc(98)] thread ID 17500 not found in process
[0416/004138.112:ERROR:process_reader_win.cc(123)] NtOpenThread: {Access Denied} A process has requested access to an object, but has not been granted those access rights. (0xc0000022)
[0416/004138.112:ERROR:exception_snapshot_win.cc(98)] thread ID 1676 not found in process
[0416/100111.934:ERROR:scoped_process_suspend.cc(31)] NtSuspendProcess: An attempt was made to access an exiting process. (0xc000010a)
[0416/100112.628:ERROR:process_info.cc(118)] ReadProcessMemory bool __cdecl crashpad::(anonymous namespace)::ReadStruct(HANDLE, crashpad::WinVMAddress, T *) [T = crashpad::process_types::PEB<crashpad::process_types::internal::Traits64>]: Only part of a ReadProcessMemory or WriteProcessMemory request was completed. (0x12B)
[0416/100113.184:ERROR:process_info.cc(551)] ReadProcessData failed
[0418/153322.216:ERROR:process_reader_win.cc(151)] SuspendThread: Access is denied. (0x5)
[0418/153322.446:ERROR:process_reader_win.cc(151)] SuspendThread: Access is denied. (0x5)
[0418/153322.447:ERROR:process_reader_win.cc(123)] NtOpenThread: {Access Denied} A process has requested access to an object, but has not been granted those access rights. (0xc0000022)
[0418/153322.450:ERROR:exception_snapshot_win.cc(98)] thread ID 6124 not found in process
[0418/153322.570:ERROR:process_reader_win.cc(151)] SuspendThread: Access is denied. (0x5)
[0418/153322.570:ERROR:process_reader_win.cc(123)] NtOpenThread: {Access Denied} A process has requested access to an object, but has not been granted those access rights. (0xc0000022)
[0418/153322.570:ERROR:exception_snapshot_win.cc(98)] thread ID 12432 not found in process
[0418/153322.612:ERROR:process_reader_win.cc(123)] NtOpenThread: {Access Denied} A process has requested access to an object, but has not been granted those access rights. (0xc0000022)
[0418/153322.612:ERROR:exception_snapshot_win.cc(98)] thread ID 21196 not found in process
[0418/153322.715:ERROR:process_reader_win.cc(123)] NtOpenThread: {Access Denied} A process has requested access to an object, but has not been granted those access rights. (0xc0000022)
[0418/153322.715:ERROR:exception_snapshot_win.cc(98)] thread ID 1992 not found in process
[0418/153323.002:ERROR:process_reader_win.cc(123)] NtOpenThread: {Access Denied} A process has requested access to an object, but has not been granted those access rights. (0xc0000022)
[0418/153323.002:ERROR:exception_snapshot_win.cc(98)] thread ID 10804 not found in process
[0418/153323.292:ERROR:process_reader_win.cc(123)] NtOpenThread: {Access Denied} A process has requested access to an object, but has not been granted those access rights. (0xc0000022)
[0418/153323.292:ERROR:exception_snapshot_win.cc(98)] thread ID 7692 not found in process
